<?xml version="1.0" encoding="UTF-8"?>
<!-- Generated by org.testng.reporters.JUnitReportReporter -->
<testsuite hostname="del1-lhp-n82105" failures="0" tests="1" name="com.Automation.Test.SigmaLogin_Test" time="1.945" errors="0" timestamp="2022-08-24T11:08:58 IST" skipped="0">
  <testcase classname="com.Automation.Test.SigmaLogin_Test" name="Verify_LoginTest" time="1.945"/>
  <system-out/>
</testsuite> <!-- com.Automation.Test.SigmaLogin_Test -->
